#-----------------------------------------------------------
# Webtalk v2017.4 (64-bit)
# SW Build 2086221 on Fri Dec 15 20:54:30 MST 2017
# 
# Start of session at: Tue Mar 12 23:23:28 2019
# Process ID: 21185
# Current directory: /media/sf_shared/PROGH2-final/src/sdk/webtalk
# Command line: wbtcv -mode batch -source sdk_webtalk.tcl
# Log file: /media/sf_shared/PROGH2-final/src/sdk/webtalk/webtalk.log
# Journal file: /media/sf_shared/PROGH2-final/src/sdk/webtalk/webtalk.jou
#-----------------------------------------------------------
source sdk_webtalk.tcl
# webtalk_init -webtalk_dir /media/sf_shared/PROGH2-final/src/sdk/webtalk
# webtalk_register_client -client project
# webtalk_add_data -client project -key date_generated -value "2019-03-12 23:23:27" -context "software_version_and_target_device"
# webtalk_add_data -client project -key product_version -value "SDK v2017.4" -context "software_version_and_target_device"
# webtalk_add_data -client project -key build_version -value "2017.4" -context "software_version_and_target_device"
# webtalk_add_data -client project -key os_platform -value "amd64" -context "software_version_and_target_device"
# webtalk_add_data -client project -key registration_id -value "211630092_0_0_572" -context "software_version_and_target_device"
# webtalk_add_data -client project -key tool_flow -value "SDK" -context "software_version_and_target_device"
# webtalk_add_data -client project -key beta -value "false" -context "software_version_and_target_device"
# webtalk_add_data -client project -key route_design -value "NA" -context "software_version_and_target_device"
# webtalk_add_data -client project -key target_family -value "NA" -context "software_version_and_target_device"
# webtalk_add_data -client project -key target_device -value "NA" -context "software_version_and_target_device"
# webtalk_add_data -client project -key target_package -value "NA" -context "software_version_and_target_device"
# webtalk_add_data -client project -key target_speed -value "NA" -context "software_version_and_target_device"
# webtalk_add_data -client project -key random_id -value "mc57u9os25qi7fdbran100qlrs" -context "software_version_and_target_device"
# webtalk_add_data -client project -key project_id -value "2017.4_4" -context "software_version_and_target_device"
# webtalk_add_data -client project -key project_iteration -value "4" -context "software_version_and_target_device"
# webtalk_add_data -client project -key os_name -value "Ubuntu" -context "user_environment"
# webtalk_add_data -client project -key os_release -value "Ubuntu 18.04.2 LTS" -context "user_environment"
# webtalk_add_data -client project -key cpu_name -value "Intel(R) Core(TM) i5-2500K CPU @ 3.30GHz" -context "user_environment"
# webtalk_add_data -client project -key cpu_speed -value "3302.170 MHz" -context "user_environment"
# webtalk_add_data -client project -key total_processors -value "1" -context "user_environment"
# webtalk_add_data -client project -key system_ram -value "4,136 GB" -context "user_environment"
# webtalk_register_client -client sdk
# webtalk_add_data -client sdk -key uid -value "1552334343000" -context "sdk\\\\hardware/1552334343000"
# webtalk_add_data -client sdk -key isZynq -value "false" -context "sdk\\\\hardware/1552334343000"
# webtalk_add_data -client sdk -key isZynqMP -value "false" -context "sdk\\\\hardware/1552334343000"
# webtalk_add_data -client sdk -key Processors -value "1" -context "sdk\\\\hardware/1552334343000"
# webtalk_add_data -client sdk -key VivadoVersion -value "2017.4" -context "sdk\\\\hardware/1552334343000"
# webtalk_add_data -client sdk -key Arch -value "artix7" -context "sdk\\\\hardware/1552334343000"
# webtalk_add_data -client sdk -key Device -value "7a35t" -context "sdk\\\\hardware/1552334343000"
# webtalk_add_data -client sdk -key IsHandoff -value "true" -context "sdk\\\\hardware/1552334343000"
# webtalk_add_data -client sdk -key os -value "NA" -context "sdk\\\\hardware/1552334343000"
# webtalk_add_data -client sdk -key apptemplate -value "NA" -context "sdk\\\\hardware/1552334343000"
# webtalk_add_data -client sdk -key RecordType -value "HWCreation" -context "sdk\\\\hardware/1552334343000"
# webtalk_add_data -client sdk -key uid -value "1552334453000" -context "sdk\\\\bsp/1552334453000"
# webtalk_add_data -client sdk -key hwid -value "1552334343000" -context "sdk\\\\bsp/1552334453000"
# webtalk_add_data -client sdk -key os -value "standalone" -context "sdk\\\\bsp/1552334453000"
# webtalk_add_data -client sdk -key apptemplate -value "empty_application" -context "sdk\\\\bsp/1552334453000"
# webtalk_add_data -client sdk -key RecordType -value "BSPCreation" -context "sdk\\\\bsp/1552334453000"
# webtalk_add_data -client sdk -key uid -value "1552334458000" -context "sdk\\\\application/1552334458000"
# webtalk_add_data -client sdk -key hwid -value "1552334343000" -context "sdk\\\\application/1552334458000"
# webtalk_add_data -client sdk -key bspid -value "1552334453000" -context "sdk\\\\application/1552334458000"
# webtalk_add_data -client sdk -key newbsp -value "true" -context "sdk\\\\application/1552334458000"
# webtalk_add_data -client sdk -key os -value "standalone" -context "sdk\\\\application/1552334458000"
# webtalk_add_data -client sdk -key apptemplate -value "empty_application" -context "sdk\\\\application/1552334458000"
# webtalk_add_data -client sdk -key RecordType -value "APPCreation" -context "sdk\\\\application/1552334458000"
# webtalk_add_data -client sdk -key LangUsed -value "C" -context "sdk\\\\application/1552334458000"
# webtalk_add_data -client sdk -key Procused -value "microblaze" -context "sdk\\\\application/1552334458000"
# webtalk_add_data -client sdk -key projSize -value "113.65625" -context "sdk\\\\application/1552334458000"
# webtalk_add_data -client sdk -key uid -value "NA" -context "sdk\\\\bsp/1552429407296"
# webtalk_add_data -client sdk -key RecordType -value "ToolUsage" -context "sdk\\\\bsp/1552429407296"
# webtalk_add_data -client sdk -key BootgenCount -value "0" -context "sdk\\\\bsp/1552429407296"
# webtalk_add_data -client sdk -key DebugCount -value "12" -context "sdk\\\\bsp/1552429407296"
# webtalk_add_data -client sdk -key PerfCount -value "1" -context "sdk\\\\bsp/1552429407296"
# webtalk_add_data -client sdk -key FlashCount -value "0" -context "sdk\\\\bsp/1552429407296"
# webtalk_add_data -client sdk -key CrossTriggCount -value "0" -context "sdk\\\\bsp/1552429407296"
# webtalk_add_data -client sdk -key QemuDebugCount -value "0" -context "sdk\\\\bsp/1552429407296"
# webtalk_transmit -clientid 916540088 -regid "211630092_0_0_572" -xml /media/sf_shared/PROGH2-final/src/sdk/webtalk/usage_statistics_ext_sdk.xml -html /media/sf_shared/PROGH2-final/src/sdk/webtalk/usage_statistics_ext_sdk.html -wdm /media/sf_shared/PROGH2-final/src/sdk/webtalk/sdk_webtalk.wdm -intro "<H3>SDK Usage Report</H3><BR>"
# webtalk_terminate
INFO: [Common 17-206] Exiting Webtalk at Tue Mar 12 23:23:29 2019...
